<?xml version="1.0" encoding="UTF-8"?>
<!-- Generated by org.testng.reporters.JUnitReportReporter -->
<testsuite hostname="TMGLAP609" failures="0" tests="1" name="testngsessions.TestNgBAsics" time="0.006" errors="0" timestamp="11 Aug 2021 12:34:03 GMT" skipped="0">
  <testcase classname="testngsessions.TestNgBAsics" name="test" time="0.006"/>
</testsuite> <!-- testngsessions.TestNgBAsics -->
